#
# A fatal error has been detected by the Java Runtime Environment:
#
#  Internal Error (./open/src/hotspot/share/interpreter/oopMapCache.cpp:111), pid=20872, tid=24468
#  Error: ShouldNotReachHere()
#
# JRE version: OpenJDK Runtime Environment (15.0+36) (build 15+36-1562)
# Java VM: OpenJDK 64-Bit Server VM (15+36-1562, mixed mode, tiered, compressed oops, g1 gc, windows-amd64)
# No core dump will be written. Minidumps are not enabled by default on client versions of Windows
#
# If you would like to submit a bug report, please visit:
#   https://bugreport.java.com/bugreport/crash.jsp
#

---------------  S U M M A R Y ------------

Command Line: -XX:+ShowCodeDetailsInExceptionMessages -agentlib:jdwp=transport=dt_socket,suspend=y,address=localhost:54911 -ea -javaagent:D:\Desktop\stsuv\sts\configuration\org.eclipse.osgi\262\0\.cp\lib\javaagent-shaded.jar -Dfile.encoding=Cp1252 -Djava.net.preferIPv4Stack=true org.eclipse.jdt.internal.junit.runner.RemoteTestRunner -version 3 -port 54910 -testLoaderClass org.eclipse.jdt.internal.junit5.runner.JUnit5TestLoader -loaderpluginname org.eclipse.jdt.junit5.runtime -classNames com.ceiba.reservasbarultimate.mesa.dominio.servicio.ServicioListarMesasDisponiblesTest

Host: Intel(R) Core(TM) i7-8565U CPU @ 1.80GHz, 8 cores, 19G,  Windows 10 , 64 bit Build 18362 (10.0.18362.1316)
Time: Wed Feb 10 03:22:29 2021 Hora est. Pacífico, Sudamérica elapsed time: 3096.842885 seconds (0d 0h 51m 36s)

---------------  T H R E A D  ---------------

Current thread (0x00000245436528a0):  JavaThread "JDWP Transport Listener: dt_socket" daemon [_thread_in_vm, id=24468, stack(0x000000d201f00000,0x000000d202000000)] _threads_hazard_ptr=0x0000024544385c10

Stack: [0x000000d201f00000,0x000000d202000000]
Native frames: (J=compiled Java code, j=interpreted, Vv=VM code, C=native code)
V  [jvm.dll+0x629eaa]
V  [jvm.dll+0x780379]
V  [jvm.dll+0x781ad3]
V  [jvm.dll+0x7820e7]
V  [jvm.dll+0x21593c]
V  [jvm.dll+0x215883]
V  [jvm.dll+0x618d6a]
V  [jvm.dll+0x618a23]
V  [jvm.dll+0x5de258]
V  [jvm.dll+0x7773df]
V  [jvm.dll+0x4ef581]
V  [jvm.dll+0x786e85]
V  [jvm.dll+0x4d33da]
V  [jvm.dll+0x49455b]
C  [jdwp.dll+0x796b]


---------------  P R O C E S S  ---------------

Threads class SMR info:
_java_thread_list=0x0000024544385c10, length=15, elements={
0x000002451f773480, 0x0000024542afe7c0, 0x0000024543356410, 0x0000024543377c90,
0x000002454337a770, 0x000002454337dbd0, 0x000002454337f760, 0x000002454338d580,
0x00000245433a0ea0, 0x000002454337b080, 0x00000245436528a0, 0x00000245436487b0,
0x0000024543648ca0, 0x000002454337e0a0, 0x000002454337b550
}

Java Threads: ( => current thread )
  0x000002451f773480 JavaThread "main" [_thread_blocked, id=15640, stack(0x000000d200e00000,0x000000d200f00000)]
  0x0000024542afe7c0 JavaThread "Reference Handler" daemon [_thread_blocked, id=34296, stack(0x000000d201500000,0x000000d201600000)]
  0x0000024543356410 JavaThread "Finalizer" daemon [_thread_blocked, id=23464, stack(0x000000d201600000,0x000000d201700000)]
  0x0000024543377c90 JavaThread "Signal Dispatcher" daemon [_thread_blocked, id=11044, stack(0x000000d201700000,0x000000d201800000)]
  0x000002454337a770 JavaThread "Attach Listener" daemon [_thread_blocked, id=5624, stack(0x000000d201800000,0x000000d201900000)]
  0x000002454337dbd0 JavaThread "Service Thread" daemon [_thread_blocked, id=31588, stack(0x000000d201900000,0x000000d201a00000)]
  0x000002454337f760 JavaThread "C2 CompilerThread0" daemon [_thread_blocked, id=29672, stack(0x000000d201a00000,0x000000d201b00000)]
  0x000002454338d580 JavaThread "C1 CompilerThread0" daemon [_thread_blocked, id=33548, stack(0x000000d201b00000,0x000000d201c00000)]
  0x00000245433a0ea0 JavaThread "Sweeper thread" daemon [_thread_blocked, id=20908, stack(0x000000d201c00000,0x000000d201d00000)]
  0x000002454337b080 JavaThread "Common-Cleaner" daemon [_thread_blocked, id=2832, stack(0x000000d201d00000,0x000000d201e00000)]
=>0x00000245436528a0 JavaThread "JDWP Transport Listener: dt_socket" daemon [_thread_in_vm, id=24468, stack(0x000000d201f00000,0x000000d202000000)] _threads_hazard_ptr=0x0000024544385c10
  0x00000245436487b0 JavaThread "JDWP Event Helper Thread" daemon [_thread_blocked, id=32304, stack(0x000000d202000000,0x000000d202100000)]
  0x0000024543648ca0 JavaThread "JDWP Command Reader" daemon [_thread_in_native, id=16332, stack(0x000000d202100000,0x000000d202200000)]
  0x000002454337e0a0 JavaThread "Notification Thread" daemon [_thread_blocked, id=3396, stack(0x000000d202200000,0x000000d202300000)]
  0x000002454337b550 JavaThread "ReaderThread" [_thread_in_native, id=31980, stack(0x000000d202400000,0x000000d202500000)]

Other Threads:
  0x0000024542afc480 VMThread "VM Thread" [stack: 0x000000d201400000,0x000000d201500000] [id=29580]
  0x0000024544114cc0 WatcherThread [stack: 0x000000d202300000,0x000000d202400000] [id=33820]
  0x000002451f7c74d0 GCTaskThread "GC Thread#0" [stack: 0x000000d200f00000,0x000000d201000000] [id=22428]
  0x00000245435eaa30 GCTaskThread "GC Thread#1" [stack: 0x000000d202500000,0x000000d202600000] [id=32044]
  0x00000245435e90b0 GCTaskThread "GC Thread#2" [stack: 0x000000d202600000,0x000000d202700000] [id=13748]
  0x00000245435ea3d0 GCTaskThread "GC Thread#3" [stack: 0x000000d202700000,0x000000d202800000] [id=6672]
  0x00000245435e9d70 GCTaskThread "GC Thread#4" [stack: 0x000000d202800000,0x000000d202900000] [id=10036]
  0x00000245435e93e0 GCTaskThread "GC Thread#5" [stack: 0x000000d202900000,0x000000d202a00000] [id=31488]
  0x00000245435e9710 GCTaskThread "GC Thread#6" [stack: 0x000000d202a00000,0x000000d202b00000] [id=27508]
  0x000002451f7d2aa0 ConcurrentGCThread "G1 Main Marker" [stack: 0x000000d201000000,0x000000d201100000] [id=24388]
  0x000002451f7d34a0 ConcurrentGCThread "G1 Conc#0" [stack: 0x000000d201100000,0x000000d201200000] [id=28116]
  0x00000245435e7400 ConcurrentGCThread "G1 Conc#1" [stack: 0x000000d201e00000,0x000000d201f00000] [id=22316]
  0x00000245429480e0 ConcurrentGCThread "G1 Refine#0" [stack: 0x000000d201200000,0x000000d201300000] [id=27832]
  0x0000024542948af0 ConcurrentGCThread "G1 Young RemSet Sampling" [stack: 0x000000d201300000,0x000000d201400000] [id=3720]

Threads with active compile tasks:

VM state: not at safepoint (normal execution)

VM Mutex/Monitor currently owned by a thread: None

Heap address: 0x00000006c2400000, size: 5084 MB, Compressed Oops mode: Zero based, Oop shift amount: 3
CDS disabled.
Compressed class space mapped at: 0x0000000800000000-0x0000000840000000, size: 1073741824
Narrow klass base: 0x0000000800000000, Narrow klass shift: 0, Narrow klass range: 0x40000000

GC Precious Log:
 CPUs: 8 total, 8 available
 Memory: 20331M
 Large Page Support: Disabled
 NUMA Support: Disabled
 Compressed Oops: Enabled (Zero based)
 Heap Region Size: 4M
 Heap Min Capacity: 8M
 Heap Initial Capacity: 320M
 Heap Max Capacity: 5084M
 Pre-touch: Disabled
 Parallel Workers: 8
 Concurrent Workers: 2
 Concurrent Refinement Workers: 8
 Periodic GC: Disabled

Heap:
 garbage-first heap   total 57344K, used 13017K [0x00000006c2400000, 0x0000000800000000)
  region size 4096K, 3 young (12288K), 1 survivors (4096K)
 Metaspace       used 20869K, capacity 21131K, committed 21376K, reserved 1069056K
  class space    used 2505K, capacity 2572K, committed 2688K, reserved 1048576K

Heap Regions: E=young(eden), S=young(survivor), O=old, HS=humongous(starts), HC=humongous(continues), CS=collection set, F=free, OA=open archive, CA=closed archive, TAMS=top-at-mark-start (previous, next)
|   0|0x00000006c2400000, 0x00000006c2800000, 0x00000006c2800000|100%| O|  |TAMS 0x00000006c2800000, 0x00000006c2400000| Untracked 
|   1|0x00000006c2800000, 0x00000006c2a75600, 0x00000006c2c00000| 61%| O|  |TAMS 0x00000006c2a75600, 0x00000006c2800000| Untracked 
|   2|0x00000006c2c00000, 0x00000006c2c00000, 0x00000006c3000000|  0%| F|  |TAMS 0x00000006c2c00000, 0x00000006c2c00000| Untracked 
|   3|0x00000006c3000000, 0x00000006c3000000, 0x00000006c3400000|  0%| F|  |TAMS 0x00000006c3000000, 0x00000006c3000000| Untracked 
|   4|0x00000006c3400000, 0x00000006c3400000, 0x00000006c3800000|  0%| F|  |TAMS 0x00000006c3400000, 0x00000006c3400000| Untracked 
|   5|0x00000006c3800000, 0x00000006c3800000, 0x00000006c3c00000|  0%| F|  |TAMS 0x00000006c3800000, 0x00000006c3800000| Untracked 
|   6|0x00000006c3c00000, 0x00000006c3c00000, 0x00000006c4000000|  0%| F|  |TAMS 0x00000006c3c00000, 0x00000006c3c00000| Untracked 
|   7|0x00000006c4000000, 0x00000006c4000000, 0x00000006c4400000|  0%| F|  |TAMS 0x00000006c4000000, 0x00000006c4000000| Untracked 
|   8|0x00000006c4400000, 0x00000006c4400000, 0x00000006c4800000|  0%| F|  |TAMS 0x00000006c4400000, 0x00000006c4400000| Untracked 
|   9|0x00000006c4800000, 0x00000006c4800000, 0x00000006c4c00000|  0%| F|  |TAMS 0x00000006c4800000, 0x00000006c4800000| Untracked 
|  10|0x00000006c4c00000, 0x00000006c4c00000, 0x00000006c5000000|  0%| F|  |TAMS 0x00000006c4c00000, 0x00000006c4c00000| Untracked 
|  11|0x00000006c5000000, 0x00000006c51e2a28, 0x00000006c5400000| 47%| E|  |TAMS 0x00000006c5000000, 0x00000006c5000000| Complete 
|  73|0x00000006d4800000, 0x00000006d4a41138, 0x00000006d4c00000| 56%| S|CS|TAMS 0x00000006d4800000, 0x00000006d4800000| Complete 
|  79|0x00000006d6000000, 0x00000006d6400000, 0x00000006d6400000|100%| E|CS|TAMS 0x00000006d6000000, 0x00000006d6000000| Complete 

Card table byte_map: [0x0000024534d60000,0x0000024535750000] _byte_map_base: 0x000002453174e000

Marking Bits (Prev, Next): (CMBitMap*) 0x000002451f7c7b10, (CMBitMap*) 0x000002451f7c7ad0
 Prev Bits: [0x000002453b0b0000, 0x0000024540020000)
 Next Bits: [0x0000024536140000, 0x000002453b0b0000)

Polling page: 0x000002451f5f0000

Metaspace:

Usage:
  Non-class:     18.12 MB capacity,    17.93 MB ( 99%) used,   172.84 KB ( <1%) free+waste,    21.63 KB ( <1%) overhead. 
      Class:      2.51 MB capacity,     2.45 MB ( 97%) used,    58.33 KB (  2%) free+waste,     8.25 KB ( <1%) overhead. 
       Both:     20.64 MB capacity,    20.38 MB ( 99%) used,   231.16 KB (  1%) free+waste,    29.88 KB ( <1%) overhead. 

Virtual space:
  Non-class space:       20.00 MB reserved,      18.25 MB ( 91%) committed 
      Class space:        1.00 GB reserved,       2.63 MB ( <1%) committed 
             Both:        1.02 GB reserved,      20.88 MB (  2%) committed 

Chunk freelists:
   Non-Class:  1.00 KB
       Class:  20.00 KB
        Both:  21.00 KB

MaxMetaspaceSize: 17179869184.00 GB
CompressedClassSpaceSize: 1.00 GB

CodeHeap 'non-profiled nmethods': size=120000Kb used=1116Kb max_used=1116Kb free=118883Kb
 bounds [0x000002452c3e0000, 0x000002452c650000, 0x0000024533910000]
CodeHeap 'profiled nmethods': size=120000Kb used=3492Kb max_used=3492Kb free=116507Kb
 bounds [0x0000024524eb0000, 0x0000024525220000, 0x000002452c3e0000]
CodeHeap 'non-nmethods': size=5760Kb used=1266Kb max_used=1366Kb free=4493Kb
 bounds [0x0000024524910000, 0x0000024524b80000, 0x0000024524eb0000]
 total_blobs=2282 nmethods=1851 adapters=343
 compilation: enabled
              stopped_count=0, restarted_count=0
 full_count=0

Compilation events (20 events):
Event: 1.375 Thread 0x000002454337f760 1837       4       org.eclipse.jdt.launching.internal.org.objectweb.asm.ClassWriter::visitEnd (1 bytes)
Event: 1.376 Thread 0x000002454337f760 nmethod 1837 0x000002452c4cb390 code [0x000002452c4cb500, 0x000002452c4cb558]
Event: 1.433 Thread 0x0000024544daefd0 nmethod 1702 0x000002452c4cb690 code [0x000002452c4cbea0, 0x000002452c4d72d8]
Event: 1.606 Thread 0x000002454360a990 nmethod 1698 0x000002452c4dbf90 code [0x000002452c4dc5e0, 0x000002452c4ec048]
Event: 2.246 Thread 0x000002454338d580 1844       3       java.util.Collections$UnmodifiableCollection$1::hasNext (10 bytes)
Event: 2.246 Thread 0x000002454337f760 1845 % !   4       java.util.concurrent.ConcurrentHashMap::transfer @ 96 (849 bytes)
Event: 2.246 Thread 0x000002454338d580 nmethod 1844 0x0000024525215990 code [0x0000024525215b40, 0x0000024525215d28]
Event: 2.263 Thread 0x000002454338d580 1848       1       java.util.concurrent.ConcurrentHashMap$MapEntry::getKey (5 bytes)
Event: 2.263 Thread 0x000002454338d580 nmethod 1848 0x000002452c4f2e90 code [0x000002452c4f3020, 0x000002452c4f30d8]
Event: 2.263 Thread 0x000002454338d580 1850       3       java.util.Collections$UnmodifiableCollection$1::next (10 bytes)
Event: 2.263 Thread 0x000002454338d580 nmethod 1850 0x0000024525215e10 code [0x0000024525215fc0, 0x0000024525216188]
Event: 2.263 Thread 0x000002454338d580 1849       1       java.util.concurrent.ConcurrentHashMap$MapEntry::getValue (5 bytes)
Event: 2.263 Thread 0x000002454338d580 nmethod 1849 0x000002452c4f3190 code [0x000002452c4f3320, 0x000002452c4f33d8]
Event: 2.264 Thread 0x000002454338d580 1851       3       java.util.Properties::saveConvert (434 bytes)
Event: 2.264 Thread 0x000002454337f760 nmethod 1845% 0x000002452c4f3490 code [0x000002452c4f3660, 0x000002452c4f4d88]
Event: 2.264 Thread 0x000002454337f760 1847       4       java.util.HashMap::resize (356 bytes)
Event: 2.265 Thread 0x000002454338d580 nmethod 1851 0x0000024525216290 code [0x0000024525216740, 0x00000245252187c8]
Event: 2.274 Thread 0x000002454337f760 nmethod 1847 0x000002452c4f5690 code [0x000002452c4f5860, 0x000002452c4f6698]
Event: 2.274 Thread 0x000002454337f760 1846       4       java.util.zip.Inflater::ensureOpen (47 bytes)
Event: 2.274 Thread 0x000002454337f760 nmethod 1846 0x000002452c4f6a10 code [0x000002452c4f6b80, 0x000002452c4f6c58]

GC Heap History (8 events):
Event: 0.547 GC heap before
{Heap before GC invocations=0 (full 0):
 garbage-first heap   total 327680K, used 16384K [0x00000006c2400000, 0x0000000800000000)
  region size 4096K, 5 young (20480K), 0 survivors (0K)
 Metaspace       used 11926K, capacity 12122K, committed 12160K, reserved 1060864K
  class space    used 1061K, capacity 1117K, committed 1152K, reserved 1048576K
}
Event: 0.550 GC heap after
{Heap after GC invocations=1 (full 0):
 garbage-first heap   total 327680K, used 6385K [0x00000006c2400000, 0x0000000800000000)
  region size 4096K, 1 young (4096K), 1 survivors (4096K)
 Metaspace       used 11926K, capacity 12122K, committed 12160K, reserved 1060864K
  class space    used 1061K, capacity 1117K, committed 1152K, reserved 1048576K
}
Event: 0.722 GC heap before
{Heap before GC invocations=1 (full 0):
 garbage-first heap   total 327680K, used 22769K [0x00000006c2400000, 0x0000000800000000)
  region size 4096K, 5 young (20480K), 1 survivors (4096K)
 Metaspace       used 14215K, capacity 14462K, committed 14592K, reserved 1062912K
  class space    used 1393K, capacity 1466K, committed 1536K, reserved 1048576K
}
Event: 0.724 GC heap after
{Heap after GC invocations=2 (full 0):
 garbage-first heap   total 327680K, used 7249K [0x00000006c2400000, 0x0000000800000000)
  region size 4096K, 1 young (4096K), 1 survivors (4096K)
 Metaspace       used 14215K, capacity 14462K, committed 14592K, reserved 1062912K
  class space    used 1393K, capacity 1466K, committed 1536K, reserved 1048576K
}
Event: 1.079 GC heap before
{Heap before GC invocations=2 (full 0):
 garbage-first heap   total 327680K, used 52305K [0x00000006c2400000, 0x0000000800000000)
  region size 4096K, 12 young (49152K), 1 survivors (4096K)
 Metaspace       used 18941K, capacity 19255K, committed 19456K, reserved 1067008K
  class space    used 2166K, capacity 2246K, committed 2304K, reserved 1048576K
}
Event: 1.081 GC heap after
{Heap after GC invocations=3 (full 0):
 garbage-first heap   total 327680K, used 8416K [0x00000006c2400000, 0x0000000800000000)
  region size 4096K, 1 young (4096K), 1 survivors (4096K)
 Metaspace       used 18941K, capacity 19255K, committed 19456K, reserved 1067008K
  class space    used 2166K, capacity 2246K, committed 2304K, reserved 1048576K
}
Event: 2.250 GC heap before
{Heap before GC invocations=3 (full 0):
 garbage-first heap   total 327680K, used 28896K [0x00000006c2400000, 0x0000000800000000)
  region size 4096K, 7 young (28672K), 1 survivors (4096K)
 Metaspace       used 20758K, capacity 21035K, committed 21248K, reserved 1069056K
  class space    used 2492K, capacity 2540K, committed 2560K, reserved 1048576K
}
Event: 2.253 GC heap after
{Heap after GC invocations=4 (full 0):
 garbage-first heap   total 327680K, used 8921K [0x00000006c2400000, 0x0000000800000000)
  region size 4096K, 1 young (4096K), 1 survivors (4096K)
 Metaspace       used 20758K, capacity 21035K, committed 21248K, reserved 1069056K
  class space    used 2492K, capacity 2540K, committed 2560K, reserved 1048576K
}

Deoptimization events (20 events):
Event: 1.281 Thread 0x000002451f773480 Uncommon trap: trap_request=0xffffffc6 fr.pc=0x000002452c4535e8 relative=0x00000000000003a8
Event: 1.281 Thread 0x000002451f773480 Uncommon trap: reason=bimorphic_or_optimized_type_check action=maybe_recompile pc=0x000002452c4535e8 method=java.util.HashMap.getNode(Ljava/lang/Object;)Ljava/util/HashMap$Node; @ 128 c2
Event: 1.281 Thread 0x000002451f773480 DEOPT PACKING pc=0x000002452c4535e8 sp=0x000000d200efb9e0
Event: 1.281 Thread 0x000002451f773480 DEOPT UNPACKING pc=0x000002452495e42f sp=0x000000d200efb978 mode 2
Event: 1.326 Thread 0x000002451f773480 Uncommon trap: trap_request=0xffffffc6 fr.pc=0x000002452c4535e8 relative=0x00000000000003a8
Event: 1.326 Thread 0x000002451f773480 Uncommon trap: reason=bimorphic_or_optimized_type_check action=maybe_recompile pc=0x000002452c4535e8 method=java.util.HashMap.getNode(Ljava/lang/Object;)Ljava/util/HashMap$Node; @ 128 c2
Event: 1.326 Thread 0x000002451f773480 DEOPT PACKING pc=0x000002452c4535e8 sp=0x000000d200efb9e0
Event: 1.326 Thread 0x000002451f773480 DEOPT UNPACKING pc=0x000002452495e42f sp=0x000000d200efb978 mode 2
Event: 1.332 Thread 0x000002451f773480 Uncommon trap: trap_request=0xffffffc6 fr.pc=0x000002452c4535e8 relative=0x00000000000003a8
Event: 1.332 Thread 0x000002451f773480 Uncommon trap: reason=bimorphic_or_optimized_type_check action=maybe_recompile pc=0x000002452c4535e8 method=java.util.HashMap.getNode(Ljava/lang/Object;)Ljava/util/HashMap$Node; @ 128 c2
Event: 1.332 Thread 0x000002451f773480 DEOPT PACKING pc=0x000002452c4535e8 sp=0x000000d200efb9e0
Event: 1.332 Thread 0x000002451f773480 DEOPT UNPACKING pc=0x000002452495e42f sp=0x000000d200efb978 mode 2
Event: 1.337 Thread 0x000002451f773480 DEOPT PACKING pc=0x00000245250dd004 sp=0x000000d200efb0a0
Event: 1.337 Thread 0x000002451f773480 DEOPT UNPACKING pc=0x000002452495e23f sp=0x000000d200efa538 mode 1
Event: 1.338 Thread 0x000002451f773480 DEOPT PACKING pc=0x000002452502415c sp=0x000000d200efb170
Event: 1.338 Thread 0x000002451f773480 DEOPT UNPACKING pc=0x000002452495e23f sp=0x000000d200efa628 mode 1
Event: 2.249 Thread 0x000002454337a770 Uncommon trap: trap_request=0xffffff45 fr.pc=0x000002452c472a1c relative=0x00000000000011fc
Event: 2.249 Thread 0x000002454337a770 Uncommon trap: reason=unstable_if action=reinterpret pc=0x000002452c472a1c method=java.util.concurrent.ConcurrentHashMap.putVal(Ljava/lang/Object;Ljava/lang/Object;Z)Ljava/lang/Object; @ 148 c2
Event: 2.249 Thread 0x000002454337a770 DEOPT PACKING pc=0x000002452c472a1c sp=0x000000d2018fe030
Event: 2.249 Thread 0x000002454337a770 DEOPT UNPACKING pc=0x000002452495e42f sp=0x000000d2018fdfc0 mode 2

Classes unloaded (0 events):
No events

Classes redefined (10 events):
Event: 380.246 Thread 0x0000024542afc480 redefined class name=com.ceiba.reservasbarultimate.mesa.dominio.servicio.ServicioListarMesasDisponiblesTest, count=1
Event: 429.551 Thread 0x0000024542afc480 redefined class name=com.ceiba.reservasbarultimate.mesa.dominio.servicio.ServicioListarMesasDisponiblesTest, count=2
Event: 542.463 Thread 0x0000024542afc480 redefined class name=com.ceiba.reservasbarultimate.mesa.dominio.servicio.ServicioListarMesasDisponiblesTest, count=3
Event: 576.895 Thread 0x0000024542afc480 redefined class name=com.ceiba.reservasbarultimate.mesa.dominio.servicio.ServicioListarMesasDisponiblesTest, count=4
Event: 609.470 Thread 0x0000024542afc480 redefined class name=com.ceiba.reservasbarultimate.mesa.dominio.servicio.ServicioListarMesasDisponiblesTest, count=5
Event: 667.761 Thread 0x0000024542afc480 redefined class name=com.ceiba.reservasbarultimate.mesa.dominio.servicio.ServicioListarMesasDisponiblesTest, count=6
Event: 685.792 Thread 0x0000024542afc480 redefined class name=com.ceiba.reservasbarultimate.mesa.dominio.servicio.ServicioListarMesasDisponiblesTest, count=7
Event: 758.844 Thread 0x0000024542afc480 redefined class name=com.ceiba.reservasbarultimate.mesa.dominio.servicio.ServicioListarMesasDisponiblesTest, count=8
Event: 801.555 Thread 0x0000024542afc480 redefined class name=com.ceiba.reservasbarultimate.mesa.dominio.servicio.ServicioListarMesasDisponiblesTest, count=9
Event: 825.334 Thread 0x0000024542afc480 redefined class name=com.ceiba.reservasbarultimate.mesa.dominio.servicio.ServicioListarMesasDisponiblesTest, count=10

Internal exceptions (20 events):
Event: 0.628 Thread 0x000002451f773480 Exception <a 'java/lang/NoSuchMethodError'{0x00000006d5efaad8}: 'void java.lang.invoke.DirectMethodHandle$Holder.invokeInterface(java.lang.Object, java.lang.Object, java.lang.Object)'> (0x00000006d5efaad8) 
thrown [./open/src/hotspot/share/interpreter/linkResolver.cpp, line 782]
Event: 0.633 Thread 0x000002451f773480 Exception <a 'java/lang/NoSuchMethodError'{0x00000006d5f92810}: 'java.lang.Object java.lang.invoke.DirectMethodHandle$Holder.newInvokeSpecial(java.lang.Object, java.lang.Object, java.lang.Object, java.lang.Object, java.lang.Object, java.lang.Object)'> (0x00000006d5f92810) 
thrown [./open/src/hotspot/share/interpreter/linkResolver.cpp, line 782]
Event: 0.637 Thread 0x000002451f773480 Exception <a 'java/lang/NoSuchMethodError'{0x00000006d58382f0}: 'void java.lang.invoke.DirectMethodHandle$Holder.invokeInterface(java.lang.Object, java.lang.Object, java.lang.Object, java.lang.Object, java.lang.Object)'> (0x00000006d58382f0) 
thrown [./open/src/hotspot/share/interpreter/linkResolver.cpp, line 782]
Event: 0.637 Thread 0x000002451f773480 Exception <a 'java/lang/IncompatibleClassChangeError'{0x00000006d583c1c0}: Found class java.lang.Object, but interface was expected> (0x00000006d583c1c0) 
thrown [./open/src/hotspot/share/interpreter/linkResolver.cpp, line 848]
Event: 0.642 Thread 0x000002451f773480 Exception <a 'java/lang/IncompatibleClassChangeError'{0x00000006d5895ff8}: Found class java.lang.Object, but interface was expected> (0x00000006d5895ff8) 
thrown [./open/src/hotspot/share/interpreter/linkResolver.cpp, line 848]
Event: 0.645 Thread 0x000002451f773480 Exception <a 'java/lang/NoSuchMethodError'{0x00000006d58d3bd8}: 'void java.lang.invoke.DirectMethodHandle$Holder.invokeSpecial(java.lang.Object, java.lang.Object, java.lang.Object, java.lang.Object, java.lang.Object)'> (0x00000006d58d3bd8) 
thrown [./open/src/hotspot/share/interpreter/linkResolver.cpp, line 782]
Event: 0.655 Thread 0x000002451f773480 Exception <a 'java/lang/NoSuchMethodError'{0x00000006d596aaa8}: 'java.lang.Object java.lang.invoke.DirectMethodHandle$Holder.invokeVirtual(java.lang.Object, java.lang.Object, java.lang.Object)'> (0x00000006d596aaa8) 
thrown [./open/src/hotspot/share/interpreter/linkResolver.cpp, line 782]
Event: 0.660 Thread 0x000002451f773480 Exception <a 'java/lang/NoSuchMethodError'{0x00000006d59f0648}: 'void java.lang.invoke.DirectMethodHandle$Holder.invokeInterface(java.lang.Object, java.lang.Object, java.lang.Object, java.lang.Object)'> (0x00000006d59f0648) 
thrown [./open/src/hotspot/share/interpreter/linkResolver.cpp, line 782]
Event: 0.660 Thread 0x000002451f773480 Exception <a 'java/lang/IncompatibleClassChangeError'{0x00000006d59f4170}: Found class java.lang.Object, but interface was expected> (0x00000006d59f4170) 
thrown [./open/src/hotspot/share/interpreter/linkResolver.cpp, line 848]
Event: 0.661 Thread 0x000002451f773480 Exception <a 'java/lang/NoSuchMethodError'{0x00000006d5a18300}: 'void java.lang.invoke.DirectMethodHandle$Holder.invokeStatic(java.lang.Object, java.lang.Object, java.lang.Object, java.lang.Object)'> (0x00000006d5a18300) 
thrown [./open/src/hotspot/share/interpreter/linkResolver.cpp, line 782]
Event: 0.669 Thread 0x000002451f773480 Exception <a 'java/lang/NoSuchMethodError'{0x00000006d5b10d48}: 'int java.lang.invoke.DirectMethodHandle$Holder.invokeStatic(java.lang.Object, java.lang.Object, java.lang.Object, java.lang.Object)'> (0x00000006d5b10d48) 
thrown [./open/src/hotspot/share/interpreter/linkResolver.cpp, line 782]
Event: 0.669 Thread 0x000002451f773480 Exception <a 'java/lang/NoSuchMethodError'{0x00000006d5b148a0}: 'java.lang.Object java.lang.invoke.Invokers$Holder.invokeExact_MT(java.lang.Object, java.lang.Object, java.lang.Object, java.lang.Object, java.lang.Object, java.lang.Object)'> (0x00000006d5b148a0) 
thrown [./open/src/hotspot/share/interpreter/linkResolver.cpp, line 782]
Event: 0.671 Thread 0x000002451f773480 Exception <a 'java/lang/NoSuchMethodError'{0x00000006d5b257b8}: 'int java.lang.invoke.DirectMethodHandle$Holder.invokeStatic(java.lang.Object, java.lang.Object, java.lang.Object, java.lang.Object, java.lang.Object)'> (0x00000006d5b257b8) 
thrown [./open/src/hotspot/share/interpreter/linkResolver.cpp, line 782]
Event: 0.694 Thread 0x000002451f773480 Exception <a 'java/lang/NoSuchMethodError'{0x00000006d55ed808}: 'int java.lang.invoke.DirectMethodHandle$Holder.invokeStaticInit(java.lang.Object, java.lang.Object, java.lang.Object)'> (0x00000006d55ed808) 
thrown [./open/src/hotspot/share/interpreter/linkResolver.cpp, line 782]
Event: 0.712 Thread 0x000002451f773480 Exception <a 'java/lang/NoSuchMethodError'{0x00000006d5748f18}: 'java.lang.Object java.lang.invoke.DirectMethodHandle$Holder.newInvokeSpecial(java.lang.Object, java.lang.Object, java.lang.Object, java.lang.Object, java.lang.Object, java.lang.Object, java.lang.Object)'> (0x00000006d5748f18) 
thrown [./open/src/hotspot/share/interpreter/linkResolver.cpp, line 782]
Event: 0.712 Thread 0x000002451f773480 Exception <a 'java/lang/NoSuchMethodError'{0x00000006d574dcd0}: 'java.lang.Object java.lang.invoke.Invokers$Holder.linkToTargetMethod(java.lang.Object, java.lang.Object, java.lang.Object, java.lang.Object, java.lang.Object, java.lang.Object, java.lang.Object)'> (0x00000006d574dcd0) 
thrown [./open/src/hotspot/share/interpreter/linkResolver.cpp, line 782]
Event: 0.713 Thread 0x000002451f773480 Exception <a 'java/lang/NoSuchMethodError'{0x00000006d575c6d8}: 'java.lang.Object java.lang.invoke.DirectMethodHandle$Holder.invokeInterface(java.lang.Object, java.lang.Object, java.lang.Object, java.lang.Object, java.lang.Object)'> (0x00000006d575c6d8) 
thrown [./open/src/hotspot/share/interpreter/linkResolver.cpp, line 782]
Event: 0.713 Thread 0x000002451f773480 Exception <a 'java/lang/IncompatibleClassChangeError'{0x00000006d57606d0}: Found class java.lang.Object, but interface was expected> (0x00000006d57606d0) 
thrown [./open/src/hotspot/share/interpreter/linkResolver.cpp, line 848]
Event: 1.077 Thread 0x000002451f773480 Exception <a 'java/lang/ClassNotFoundException'{0x00000006d37ea450}: java/lang/ClassLoader$ByteBuddyAccessor$L98M6nYG> (0x00000006d37ea450) 
thrown [./open/src/hotspot/share/classfile/systemDictionary.cpp, line 295]
Event: 3096.462 Thread 0x00000245436528a0 Exception <a 'java/lang/LinkageError'{0x00000006c5092c30}> (0x00000006c5092c30) 
thrown [./open/src/hotspot/share/oops/generateOopMap.cpp, line 2137]

Events (20 events):
Event: 825.353 Executing VM operation: GetStackTrace done
Event: 825.375 Executing VM operation: GetFrameCount
Event: 825.375 Executing VM operation: GetFrameCount done
Event: 962.261 Loaded shared library D:\Desktop\stsuv\sts\plugins\org.eclipse.justj.openjdk.hotspot.jre.full.win32.x86_64_15.0.0.v20201014-1246\jre\bin\java.dll
Event: 1869.758 Executing VM operation: GetFrameCount
Event: 1869.759 Executing VM operation: GetFrameCount done
Event: 1933.615 Executing VM operation: GetFrameCount
Event: 1933.615 Executing VM operation: GetFrameCount done
Event: 2015.482 Executing VM operation: GetFrameCount
Event: 2015.482 Executing VM operation: GetFrameCount done
Event: 2040.195 Executing VM operation: GetFrameCount
Event: 2040.195 Executing VM operation: GetFrameCount done
Event: 2097.158 Executing VM operation: GetFrameCount
Event: 2097.158 Executing VM operation: GetFrameCount done
Event: 2126.122 Executing VM operation: GetFrameCount
Event: 2126.122 Executing VM operation: GetFrameCount done
Event: 2195.409 Executing VM operation: GetFrameCount
Event: 2195.409 Executing VM operation: GetFrameCount done
Event: 3096.461 Executing VM operation: GetFrameLocation
Event: 3096.462 Executing VM operation: GetFrameLocation done


Dynamic libraries:
0x00007ff6d80e0000 - 0x00007ff6d80ed000 	D:\Desktop\stsuv\sts\plugins\org.eclipse.justj.openjdk.hotspot.jre.full.win32.x86_64_15.0.0.v20201014-1246\jre\bin\javaw.exe
0x00007ffe5b360000 - 0x00007ffe5b550000 	C:\Windows\SYSTEM32\ntdll.dll
0x00007ffe5b260000 - 0x00007ffe5b312000 	C:\Windows\System32\KERNEL32.DLL
0x00007ffe59160000 - 0x00007ffe59405000 	C:\Windows\System32\KERNELBASE.dll
0x00007ffe58f10000 - 0x00007ffe5900a000 	C:\Windows\System32\ucrtbase.dll
0x00007ffe4a800000 - 0x00007ffe4a818000 	D:\Desktop\stsuv\sts\plugins\org.eclipse.justj.openjdk.hotspot.jre.full.win32.x86_64_15.0.0.v20201014-1246\jre\bin\jli.dll
0x00007ffe53ce0000 - 0x00007ffe53cf9000 	D:\Desktop\stsuv\sts\plugins\org.eclipse.justj.openjdk.hotspot.jre.full.win32.x86_64_15.0.0.v20201014-1246\jre\bin\VCRUNTIME140.dll
0x00007ffe5b010000 - 0x00007ffe5b1a4000 	C:\Windows\System32\USER32.dll
0x00007ffe58b70000 - 0x00007ffe58b91000 	C:\Windows\System32\win32u.dll
0x00007ffe42030000 - 0x00007ffe422b4000 	C:\Windows\WinSxS\amd64_microsoft.windows.common-controls_6595b64144ccf1df_6.0.18362.1316_none_9e7a364fe461dbd7\COMCTL32.dll
0x00007ffe5a780000 - 0x00007ffe5a7a6000 	C:\Windows\System32\GDI32.dll
0x00007ffe5a6d0000 - 0x00007ffe5a76e000 	C:\Windows\System32\msvcrt.dll
0x00007ffe58bd0000 - 0x00007ffe58d68000 	C:\Windows\System32\gdi32full.dll
0x00007ffe58ab0000 - 0x00007ffe58b4e000 	C:\Windows\System32\msvcp_win.dll
0x00007ffe5a850000 - 0x00007ffe5ab87000 	C:\Windows\System32\combase.dll
0x00007ffe59700000 - 0x00007ffe5981f000 	C:\Windows\System32\RPCRT4.dll
0x00007ffe58e80000 - 0x00007ffe58f01000 	C:\Windows\System32\bcryptPrimitives.dll
0x00007ffe59820000 - 0x00007ffe5984e000 	C:\Windows\System32\IMM32.DLL
0x00007ffe53cd0000 - 0x00007ffe53cdc000 	D:\Desktop\stsuv\sts\plugins\org.eclipse.justj.openjdk.hotspot.jre.full.win32.x86_64_15.0.0.v20201014-1246\jre\bin\vcruntime140_1.dll
0x00007ffe12170000 - 0x00007ffe12201000 	D:\Desktop\stsuv\sts\plugins\org.eclipse.justj.openjdk.hotspot.jre.full.win32.x86_64_15.0.0.v20201014-1246\jre\bin\msvcp140.dll
0x00007ffdea300000 - 0x00007ffdeae5c000 	D:\Desktop\stsuv\sts\plugins\org.eclipse.justj.openjdk.hotspot.jre.full.win32.x86_64_15.0.0.v20201014-1246\jre\bin\server\jvm.dll
0x00007ffe59850000 - 0x00007ffe598f3000 	C:\Windows\System32\ADVAPI32.dll
0x00007ffe5a7b0000 - 0x00007ffe5a847000 	C:\Windows\System32\sechost.dll
0x00007ffe596f0000 - 0x00007ffe596f8000 	C:\Windows\System32\PSAPI.DLL
0x00007ffe4f1b0000 - 0x00007ffe4f1b9000 	C:\Windows\SYSTEM32\WSOCK32.dll
0x00007ffe53d40000 - 0x00007ffe53d64000 	C:\Windows\SYSTEM32\WINMM.dll
0x00007ffe5adc0000 - 0x00007ffe5ae2f000 	C:\Windows\System32\WS2_32.dll
0x00007ffe4ffa0000 - 0x00007ffe4ffaa000 	C:\Windows\SYSTEM32\VERSION.dll
0x00007ffe53af0000 - 0x00007ffe53b1d000 	C:\Windows\SYSTEM32\WINMMBASE.dll
0x00007ffe58a60000 - 0x00007ffe58aaa000 	C:\Windows\System32\cfgmgr32.dll
0x00007ffe58290000 - 0x00007ffe582a1000 	C:\Windows\System32\kernel.appcore.dll
0x00007ffe53d20000 - 0x00007ffe53d2a000 	D:\Desktop\stsuv\sts\plugins\org.eclipse.justj.openjdk.hotspot.jre.full.win32.x86_64_15.0.0.v20201014-1246\jre\bin\jimage.dll
0x00007ffe56ac0000 - 0x00007ffe56cb4000 	C:\Windows\SYSTEM32\DBGHELP.DLL
0x00007ffe47ff0000 - 0x00007ffe4801a000 	C:\Windows\SYSTEM32\dbgcore.DLL
0x00007ffe24be0000 - 0x00007ffe24c19000 	D:\Desktop\stsuv\sts\plugins\org.eclipse.justj.openjdk.hotspot.jre.full.win32.x86_64_15.0.0.v20201014-1246\jre\bin\jdwp.dll
0x00007ffe53d10000 - 0x00007ffe53d1e000 	D:\Desktop\stsuv\sts\plugins\org.eclipse.justj.openjdk.hotspot.jre.full.win32.x86_64_15.0.0.v20201014-1246\jre\bin\instrument.dll
0x00007ffe498b0000 - 0x00007ffe498d5000 	D:\Desktop\stsuv\sts\plugins\org.eclipse.justj.openjdk.hotspot.jre.full.win32.x86_64_15.0.0.v20201014-1246\jre\bin\java.dll
0x00007ffe49890000 - 0x00007ffe498a8000 	D:\Desktop\stsuv\sts\plugins\org.eclipse.justj.openjdk.hotspot.jre.full.win32.x86_64_15.0.0.v20201014-1246\jre\bin\zip.dll
0x00007ffe59a30000 - 0x00007ffe5a118000 	C:\Windows\System32\SHELL32.dll
0x00007ffe5a610000 - 0x00007ffe5a6b7000 	C:\Windows\System32\shcore.dll
0x00007ffe582e0000 - 0x00007ffe58a5b000 	C:\Windows\System32\windows.storage.dll
0x00007ffe582b0000 - 0x00007ffe582d3000 	C:\Windows\System32\profapi.dll
0x00007ffe58220000 - 0x00007ffe5826a000 	C:\Windows\System32\powrprof.dll
0x00007ffe58210000 - 0x00007ffe58220000 	C:\Windows\System32\UMPDC.dll
0x00007ffe594e0000 - 0x00007ffe59532000 	C:\Windows\System32\shlwapi.dll
0x00007ffe58b50000 - 0x00007ffe58b67000 	C:\Windows\System32\cryptsp.dll
0x00007ffe4ad50000 - 0x00007ffe4ad5b000 	D:\Desktop\stsuv\sts\plugins\org.eclipse.justj.openjdk.hotspot.jre.full.win32.x86_64_15.0.0.v20201014-1246\jre\bin\dt_socket.dll
0x00007ffe57720000 - 0x00007ffe5775a000 	C:\Windows\SYSTEM32\IPHLPAPI.DLL
0x00007ffe57a00000 - 0x00007ffe57a67000 	C:\Windows\System32\mswsock.dll
0x00007ffe57760000 - 0x00007ffe5782b000 	C:\Windows\SYSTEM32\DNSAPI.dll
0x00007ffe5a6c0000 - 0x00007ffe5a6c8000 	C:\Windows\System32\NSI.dll
0x000000005d840000 - 0x000000005d866000 	C:\Program Files\Bonjour\mdnsNSP.dll
0x00007ffe4f550000 - 0x00007ffe4f5c7000 	C:\Windows\System32\fwpuclnt.dll
0x00007ffe58ba0000 - 0x00007ffe58bc6000 	C:\Windows\System32\bcrypt.dll
0x00007ffe4ed20000 - 0x00007ffe4ed2a000 	C:\Windows\System32\rasadhlp.dll
0x00007ffe49870000 - 0x00007ffe49889000 	D:\Desktop\stsuv\sts\plugins\org.eclipse.justj.openjdk.hotspot.jre.full.win32.x86_64_15.0.0.v20201014-1246\jre\bin\net.dll
0x00007ffe4f870000 - 0x00007ffe4f960000 	C:\Windows\SYSTEM32\WINHTTP.dll
0x00007ffe49850000 - 0x00007ffe49862000 	D:\Desktop\stsuv\sts\plugins\org.eclipse.justj.openjdk.hotspot.jre.full.win32.x86_64_15.0.0.v20201014-1246\jre\bin\nio.dll
0x00007ffe4acf0000 - 0x00007ffe4ad00000 	D:\Desktop\stsuv\sts\plugins\org.eclipse.justj.openjdk.hotspot.jre.full.win32.x86_64_15.0.0.v20201014-1246\jre\bin\verify.dll

dbghelp: loaded successfully - version: 4.0.5 - missing functions: none
symbol engine: initialized successfully - sym options: 0x614 - pdb path: .;D:\Desktop\stsuv\sts\plugins\org.eclipse.justj.openjdk.hotspot.jre.full.win32.x86_64_15.0.0.v20201014-1246\jre\bin;C:\Windows\SYSTEM32;C:\Windows\WinSxS\amd64_microsoft.windows.common-controls_6595b64144ccf1df_6.0.18362.1316_none_9e7a364fe461dbd7;D:\Desktop\stsuv\sts\plugins\org.eclipse.justj.openjdk.hotspot.jre.full.win32.x86_64_15.0.0.v20201014-1246\jre\bin\server;C:\Program Files\Bonjour

VM Arguments:
jvm_args: -XX:+ShowCodeDetailsInExceptionMessages -agentlib:jdwp=transport=dt_socket,suspend=y,address=localhost:54911 -ea -javaagent:D:\Desktop\stsuv\sts\configuration\org.eclipse.osgi\262\0\.cp\lib\javaagent-shaded.jar -Dfile.encoding=Cp1252 -Djava.net.preferIPv4Stack=true 
java_command: org.eclipse.jdt.internal.junit.runner.RemoteTestRunner -version 3 -port 54910 -testLoaderClass org.eclipse.jdt.internal.junit5.runner.JUnit5TestLoader -loaderpluginname org.eclipse.jdt.junit5.runtime -classNames com.ceiba.reservasbarultimate.mesa.dominio.servicio.ServicioListarMesasDisponiblesTest
java_class_path (initial): D:\worspaceFINALADN\reservasbarultimate\bin\main;D:\worspaceFINALADN\reservasbarultimate\bin\test;D:\worspaceFINALADN\reservasbarultimate\bin\default;C:\Users\Pc\.gradle\caches\modules-2\files-2.1\org.projectlombok\lombok\1.18.16\6dc192c7f93ec1853f70d59d8a6dcf94eb42866\lombok-1.18.16.jar;C:\Users\Pc\.gradle\caches\modules-2\files-2.1\org.springframework.boot\spring-boot-starter-data-jpa\2.4.2\4c703d6746355d0d894fc22488c8756b8fe25d29\spring-boot-starter-data-jpa-2.4.2.jar;C:\Users\Pc\.gradle\caches\modules-2\files-2.1\org.springframework.boot\spring-boot-starter-web\2.4.2\b61aa5408a80c4d0c0e5730b115066aaf90c61\spring-boot-starter-web-2.4.2.jar;C:\Users\Pc\.gradle\caches\modules-2\files-2.1\org.mockito\mockito-core\3.7.7\5d43943be9b57c8ff47d2b9640ea0a7fc7211cf2\mockito-core-3.7.7.jar;C:\Users\Pc\.gradle\caches\modules-2\files-2.1\org.springframework.boot\spring-boot-starter-aop\2.4.2\442c08d70de18d5b1ddc903d1113eb8354690c1b\spring-boot-starter-aop-2.4.2.jar;C:\Users\Pc\.gradle\caches\modules-2\files-2.1\org.springframework.boot\spring-boot-starter-jdbc\2.4.2\ad7b041d1f536bf060abc10afa66ae84e6aa6801\spring-boot-starter-jdbc-2.4.2.jar;C:\Users\Pc\.gradle\caches\modules-2\files-2.1\jakarta.transaction\jakarta.transaction-api\1.3.3\c4179d48720a1e87202115fbed6089bdc4195405\jakarta.transaction-api-1.3.3.jar;C:\Users\Pc\.gradle\caches\modules-2\files-2.1\jakarta.persistence\jakarta.persistence-api\2.2.3\8f6ea5daedc614f07a3654a455660145286f024e\jakarta.persistence-api-2.2.3.jar;C:\Users\Pc\.gradle\caches\modules-2\files-2.1\org.hibernate\hibernate-core\5.4.27.Final\d711d8d2ad02622e4575ecf1fbb069a256f4fa91\hibernate-core-5.4.27.Final.jar;C:\Users\Pc\.gradle\caches\modules-2\files-2.1\org.springframework.data\spring-data-jpa\2.4.3\c796f4a5fa9cc5aa5fcf931a900cd2c686d06cda\spring-data-jpa-2.4.3.jar;C:\Users\Pc\.gradle\caches\modules-2\files-2.1\org.springframework\spring-aspects\5.3.3\5e289da5e52cb840066e3fa10254782c5c2bb5a8\spring-aspects-5.3.3.jar;C
Launcher Type: SUN_STANDARD

[Global flags]
     intx CICompilerCount                          = 4                                         {product} {ergonomic}
     uint ConcGCThreads                            = 2                                         {product} {ergonomic}
     uint G1ConcRefinementThreads                  = 8                                         {product} {ergonomic}
   size_t G1HeapRegionSize                         = 4194304                                   {product} {ergonomic}
    uintx GCDrainStackTargetSize                   = 64                                        {product} {ergonomic}
   size_t InitialHeapSize                          = 335544320                                 {product} {ergonomic}
   size_t MarkStackSize                            = 4194304                                   {product} {ergonomic}
   size_t MaxHeapSize                              = 5330960384                                {product} {ergonomic}
   size_t MaxNewSize                               = 3196059648                                {product} {ergonomic}
   size_t MinHeapDeltaBytes                        = 4194304                                   {product} {ergonomic}
   size_t MinHeapSize                              = 8388608                                   {product} {ergonomic}
    uintx NonNMethodCodeHeapSize                   = 5839372                                {pd product} {ergonomic}
    uintx NonProfiledCodeHeapSize                  = 122909434                              {pd product} {ergonomic}
    uintx ProfiledCodeHeapSize                     = 122909434                              {pd product} {ergonomic}
    uintx ReservedCodeCacheSize                    = 251658240                              {pd product} {ergonomic}
     bool SegmentedCodeCache                       = true                                      {product} {ergonomic}
     bool ShowCodeDetailsInExceptionMessages       = true                                   {manageable} {command line}
   size_t SoftMaxHeapSize                          = 5330960384                             {manageable} {ergonomic}
     bool UseCompressedClassPointers               = true                                 {lp64_product} {ergonomic}
     bool UseCompressedOops                        = true                                 {lp64_product} {ergonomic}
     bool UseG1GC                                  = true                                      {product} {ergonomic}
     bool UseLargePagesIndividualAllocation        = false                                  {pd product} {ergonomic}

Logging:
Log output configuration:
 #0: stdout all=warning uptime,level,tags
 #1: stderr all=off uptime,level,tags

Environment Variables:
JAVA_HOME=C:\Program Files\Java\jdk-11.0.9\
_JAVA_OPTIONS=-Djava.net.preferIPv4Stack=true
PATH=D:\Desktop\stsuv\sts\plugins\org.eclipse.justj.openjdk.hotspot.jre.full.win32.x86_64_15.0.0.v20201014-1246\jre\bin;D:/Desktop/stsuv/sts//plugins/org.eclipse.justj.openjdk.hotspot.jre.full.win32.x86_64_15.0.0.v20201014-1246/jre/bin/server;D:/Desktop/stsuv/sts//plugins/org.eclipse.justj.openjdk.hotspot.jre.full.win32.x86_64_15.0.0.v20201014-1246/jre/bin;C:\Program Files\Java\jdk-11.0.9\\bin;C:\Program Files (x86)\Common Files\Oracle\Java\javapath;C:\Program Files\Common Files\Oracle\Java\javapath;C:\oraclexe\app\oracle\product\11.2.0\server\bin;C:\Windows\system32;C:\Windows;C:\Windows\System32\Wbem;C:\Windows\System32\WindowsPowerShell\v1.0\;C:\Windows\System32\OpenSSH\;C:\Program Files (x86)\NVIDIA Corporation\PhysX\Common;C:\Program Files\nodejs\;C:\Program Files\Microsoft SQL Server\Client SDK\ODBC\170\Tools\Binn\;C:\Program Files (x86)\Microsoft SQL Server\150\Tools\Binn\;C:\Program Files\Microsoft SQL Server\150\Tools\Binn\;C:\Program Files\Microsoft SQL Server\150\DTS\Binn\;C:\Program Files (x86)\Microsoft SQL Server\150\DTS\Binn\;C:\Program Files\Git\cmd;C:\Program Files\Docker\Docker\resources\bin;C:\ProgramData\DockerDesktop\version-bin;C:\Program Files\MySQL\MySQL Shell 8.0\bin\;C:\Users\Pc\AppData\Local\Microsoft\WindowsApps;;C:\Users\Pc\AppData\Local\Programs\Microsoft VS Code\bin;C:\Users\Pc\AppData\Roaming\npm;D:\Desktop\stsuv\sts;
USERNAME=Pc
OS=Windows_NT
PROCESSOR_IDENTIFIER=Intel64 Family 6 Model 142 Stepping 12, GenuineIntel



---------------  S Y S T E M  ---------------

OS:
 Windows 10 , 64 bit Build 18362 (10.0.18362.1316)
OS uptime: 6 days 13:05 hours
HyperV virtualization detected

CPU: total 8 (initial active 8) (4 cores per cpu, 2 threads per core) family 6 model 142 stepping 12, cmov, cx8, fxsr, mmx, sse, sse2, sse3, ssse3, sse4.1, sse4.2, popcnt, vzeroupper, avx, avx2, aes, clmul, erms, 3dnowpref, lzcnt, ht, tsc, tscinvbit, bmi1, bmi2, adx, fma, clflush, clflushopt

Memory: 4k page, system-wide physical 20331M (8017M free)
TotalPageFile size 37891M (AvailPageFile size 13784M)
current process WorkingSet (physical memory assigned to process): 44M, peak: 169M
current process commit charge ("private bytes"): 167M, peak: 482M

vm_info: OpenJDK 64-Bit Server VM (15+36-1562) for windows-amd64 JRE (15+36-1562), built on Aug 11 2020 22:33:04 by "mach5one" with unknown MS VC++:1925

END.
